<?xml version="1.0" encoding="UTF-8"?>
<testsuite xmlns:xsi="http://www.w3.org/2001/XMLSchema-instance" xsi:noNamespaceSchemaLocation="https://maven.apache.org/surefire/maven-surefire-plugin/xsd/surefire-test-report.xsd" version="3.0.2" name="org.example.docker_test.DockerTestApplicationTests" time="2.208" tests="1" errors="0" skipped="0" failures="0">
  <properties>
[...]
</properties>
  <testcase name="contextLoads" classname="org.example.docker_test.DockerTestApplicationTests" time="0.821">
    <system-out><![CDATA[14:38:00.392 [main] INFO org.springframework.test.context.support.AnnotationConfigContextLoaderUtils -- Could not detect default configuration classes for test class [org.example.docker_test.DockerTestApplicationTests]: DockerTestApplicationTests does not declare any static, non-private, non-final, nested classes annotated with @Configuration.
14:38:00.538 [main] INFO org.springframework.boot.test.context.SpringBootTestContextBootstrapper -- Found @SpringBootConfiguration org.example.docker_test.DockerTestApplication for test class org.example.docker_test.DockerTestApplicationTests

  .   ____          _            __ _ _
 /\\ / ___'_ __ _ _(_)_ __  __ _ \ \ \ \
( ( )\___ | '_ | '_| | '_ \/ _` | \ \ \ \
 \\/  ___)| |_)| | | | | || (_| |  ) ) ) )
  '  |____| .__|_| |_|_| |_\__, | / / / /
 =========|_|==============|___/=/_/_/_/

 :: Spring Boot ::                (v4.0.0)

2025-11-28T14:38:01.017+09:00  INFO 12255 --- [docker_test] [           main] o.e.d.DockerTestApplicationTests         : Starting DockerTestApplicationTests using Java 21.0.9 with PID 12255 (started by yixiongfei in /home/yixiongfei/training/1820_易雄飛_Dockerfile/docker_test)
2025-11-28T14:38:01.019+09:00  INFO 12255 --- [docker_test] [           main] o.e.d.DockerTestApplicationTests         : No active profile set, falling back to 1 default profile: "default"
2025-11-28T14:38:01.511+09:00  INFO 12255 --- [docker_test] [           main] o.e.d.DockerTestApplicationTests         : Started DockerTestApplicationTests in 0.802 seconds (process running for 2.136)
]]></system-out>
    <system-err><![CDATA[Mockito is currently self-attaching to enable the inline-mock-maker. This will no longer work in future releases of the JDK. Please add Mockito as an agent to your build as described in Mockito's documentation: https://javadoc.io/doc/org.mockito/mockito-core/latest/org.mockito/org/mockito/Mockito.html#0.3
WARNING: A Java agent has been loaded dynamically (/home/yixiongfei/.m2/repository/net/bytebuddy/byte-buddy-agent/1.17.8/byte-buddy-agent-1.17.8.jar)
WARNING: If a serviceability tool is in use, please run with -XX:+EnableDynamicAgentLoading to hide this warning
WARNING: If a serviceability tool is not in use, please run with -Djdk.instrument.traceUsage for more information
WARNING: Dynamic loading of agents will be disallowed by default in a future release
]]></system-err>
  </testcase>
</testsuite>